2018-10-28 09:01:55.083  INFO 42532 --- [main] c.n.zhfile.ZhFileApplicationTests        : Starting ZhFileApplicationTests on DESKTOP-GG0VACC with PID 42532 (started by 60543 in E:\2-project\15-henanhuagong\CEPOP\trunk\zhnh\zh-file)
2018-10-28 09:01:55.100  INFO 42532 --- [main] c.n.zhfile.ZhFileApplicationTests        : The following profiles are active: prod
2018-10-28 09:01:55.295  INFO 42532 --- [main] o.s.w.c.s.GenericWebApplicationContext   : Refreshing org.springframework.web.context.support.GenericWebApplicationContext@658c5a19: startup date [Sun Oct 28 09:01:55 CST 2018]; root of context hierarchy
2018-10-28 09:02:01.804  INFO 42532 --- [main] trationDelegate$BeanPostProcessorChecker : Bean 'org.springframework.transaction.annotation.ProxyTransactionManagementConfiguration' of type [org.springframework.transaction.annotation.ProxyTransactionManagementConfiguration$$EnhancerBySpringCGLIB$$fe313ac] is not eligible for getting processed by all BeanPostProcessors (for example: not eligible for auto-proxying)
2018-10-28 09:02:02.817  INFO 42532 --- [main] com.zaxxer.hikari.HikariDataSource       : HikariPool-1 - Starting...
2018-10-28 09:02:03.324  INFO 42532 --- [main] com.zaxxer.hikari.HikariDataSource       : HikariPool-1 - Start completed.
2018-10-28 09:02:03.548  INFO 42532 --- [main] j.LocalContainerEntityManagerFactoryBean : Building JPA container EntityManagerFactory for persistence unit 'default'
2018-10-28 09:02:03.637  INFO 42532 --- [main] o.hibernate.jpa.internal.util.LogHelper  : HHH000204: Processing PersistenceUnitInfo [
	name: default
	...]
2018-10-28 09:02:04.045  INFO 42532 --- [main] org.hibernate.Version                    : HHH000412: Hibernate Core {5.2.17.Final}
2018-10-28 09:02:04.050  INFO 42532 --- [main] org.hibernate.cfg.Environment            : HHH000206: hibernate.properties not found
2018-10-28 09:02:04.243  INFO 42532 --- [main] o.hibernate.annotations.common.Version   : HCANN000001: Hibernate Commons Annotations {5.0.1.Final}
2018-10-28 09:02:04.908  INFO 42532 --- [main] org.hibernate.dialect.Dialect            : HHH000400: Using dialect: org.hibernate.dialect.PostgreSQLDialect
2018-10-28 09:02:10.752  INFO 42532 --- [main] o.h.e.j.e.i.LobCreatorBuilderImpl        : HHH000421: Disabling contextual LOB creation as hibernate.jdbc.lob.non_contextual_creation is true
2018-10-28 09:02:10.755  INFO 42532 --- [main] org.hibernate.type.BasicTypeRegistry     : HHH000270: Type registration [java.util.UUID] overrides previous : org.hibernate.type.UUIDBinaryType@d653e41
2018-10-28 09:02:16.828  INFO 42532 --- [main] j.LocalContainerEntityManagerFactoryBean : Initialized JPA EntityManagerFactory for persistence unit 'default'
2018-10-28 09:02:20.062  WARN 42532 --- [main] aWebConfiguration$JpaWebMvcConfiguration : spring.jpa.open-in-view is enabled by default. Therefore, database queries may be performed during view rendering. Explicitly configure spring.jpa.open-in-view to disable this warning
2018-10-28 09:02:20.495  INFO 42532 --- [main] s.w.s.m.m.a.RequestMappingHandlerMapping : Mapped "{[/],methods=[GET]}" onto public java.lang.String IndexController.index()
2018-10-28 09:02:20.505  INFO 42532 --- [main] s.w.s.m.m.a.RequestMappingHandlerMapping : Mapped "{[/deleteFile],methods=[GET]}" onto public com.neucloud.zhbase.dto.Response RestUploadController.deleteFile(java.lang.String)
2018-10-28 09:02:20.506  INFO 42532 --- [main] s.w.s.m.m.a.RequestMappingHandlerMapping : Mapped "{[/multiUpload],methods=[POST]}" onto public com.neucloud.zhbase.dto.Response RestUploadController.uploadFileMulti(java.lang.String,org.springframework.web.multipart.MultipartFile[])
2018-10-28 09:02:20.511  INFO 42532 --- [main] s.w.s.m.m.a.RequestMappingHandlerMapping : Mapped "{[/file],methods=[GET]}" onto public org.springframework.http.ResponseEntity<org.springframework.core.io.Resource> RestUploadController.findFileUrl(java.lang.String)
2018-10-28 09:02:20.534  INFO 42532 --- [main] s.w.s.m.m.a.RequestMappingHandlerMapping : Mapped "{[/swagger-resources/configuration/security]}" onto public org.springframework.http.ResponseEntity<springfox.documentation.swagger.web.SecurityConfiguration> springfox.documentation.swagger.web.ApiResourceController.securityConfiguration()
2018-10-28 09:02:20.536  INFO 42532 --- [main] s.w.s.m.m.a.RequestMappingHandlerMapping : Mapped "{[/swagger-resources]}" onto public org.springframework.http.ResponseEntity<java.util.List<springfox.documentation.swagger.web.SwaggerResource>> springfox.documentation.swagger.web.ApiResourceController.swaggerResources()
2018-10-28 09:02:20.537  INFO 42532 --- [main] s.w.s.m.m.a.RequestMappingHandlerMapping : Mapped "{[/swagger-resources/configuration/ui]}" onto public org.springframework.http.ResponseEntity<springfox.documentation.swagger.web.UiConfiguration> springfox.documentation.swagger.web.ApiResourceController.uiConfiguration()
2018-10-28 09:02:20.545  INFO 42532 --- [main] s.w.s.m.m.a.RequestMappingHandlerMapping : Mapped "{[/error]}" onto public org.springframework.http.ResponseEntity<java.util.Map<java.lang.String, java.lang.Object>> org.springframework.boot.autoconfigure.web.servlet.error.BasicErrorController.error(javax.servlet.http.HttpServletRequest)
2018-10-28 09:02:20.551  INFO 42532 --- [main] s.w.s.m.m.a.RequestMappingHandlerMapping : Mapped "{[/error],produces=[text/html]}" onto public org.springframework.web.servlet.ModelAndView org.springframework.boot.autoconfigure.web.servlet.error.BasicErrorController.errorHtml(javax.servlet.http.HttpServletRequest,javax.servlet.http.HttpServletResponse)
2018-10-28 09:02:21.118  INFO 42532 --- [main] pertySourcedRequestMappingHandlerMapping : Mapped URL path [/v2/api-docs] onto method [public org.springframework.http.ResponseEntity<springfox.documentation.spring.web.json.Json> springfox.documentation.swagger2.web.Swagger2Controller.getDocumentation(java.lang.String,javax.servlet.http.HttpServletRequest)]
2018-10-28 09:02:22.049  INFO 42532 --- [main] o.s.w.s.handler.SimpleUrlHandlerMapping  : Mapped URL path [/**/favicon.ico] onto handler of type [class org.springframework.web.servlet.resource.ResourceHttpRequestHandler]
2018-10-28 09:02:22.859  INFO 42532 --- [main] s.w.s.m.m.a.RequestMappingHandlerAdapter : Looking for @ControllerAdvice: org.springframework.web.context.support.GenericWebApplicationContext@658c5a19: startup date [Sun Oct 28 09:01:55 CST 2018]; root of context hierarchy
2018-10-28 09:02:23.058  INFO 42532 --- [main] o.s.w.s.handler.SimpleUrlHandlerMapping  : Mapped URL path [/webjars/**] onto handler of type [class org.springframework.web.servlet.resource.ResourceHttpRequestHandler]
2018-10-28 09:02:23.060  INFO 42532 --- [main] o.s.w.s.handler.SimpleUrlHandlerMapping  : Mapped URL path [/**] onto handler of type [class org.springframework.web.servlet.resource.ResourceHttpRequestHandler]
2018-10-28 09:02:23.130  INFO 42532 --- [main] .m.m.a.ExceptionHandlerExceptionResolver : Detected @ExceptionHandler methods in restGlobalExceptionHandler
2018-10-28 09:02:24.436  INFO 42532 --- [main] o.s.c.support.DefaultLifecycleProcessor  : Starting beans in phase 2147483647
2018-10-28 09:02:24.436  INFO 42532 --- [main] d.s.w.p.DocumentationPluginsBootstrapper : Context refreshed
2018-10-28 09:02:24.532  INFO 42532 --- [main] d.s.w.p.DocumentationPluginsBootstrapper : Found 1 custom documentation plugin(s)
2018-10-28 09:02:24.642  INFO 42532 --- [main] s.d.s.w.s.ApiListingReferenceScanner     : Scanning for api listing references
2018-10-28 09:02:25.366  INFO 42532 --- [main] c.n.zhfile.ZhFileApplicationTests        : Started ZhFileApplicationTests in 31.462 seconds (JVM running for 34.24)
2018-10-28 09:02:28.975  INFO 42532 --- [Thread-3] o.s.w.c.s.GenericWebApplicationContext   : Closing org.springframework.web.context.support.GenericWebApplicationContext@658c5a19: startup date [Sun Oct 28 09:01:55 CST 2018]; root of context hierarchy
2018-10-28 09:02:28.987  INFO 42532 --- [Thread-3] o.s.c.support.DefaultLifecycleProcessor  : Stopping beans in phase 2147483647
2018-10-28 09:02:28.997  INFO 42532 --- [Thread-3] j.LocalContainerEntityManagerFactoryBean : Closing JPA EntityManagerFactory for persistence unit 'default'
2018-10-28 09:02:28.999  INFO 42532 --- [Thread-3] com.zaxxer.hikari.HikariDataSource       : HikariPool-1 - Shutdown initiated...
2018-10-28 09:02:29.022  INFO 42532 --- [Thread-3] com.zaxxer.hikari.HikariDataSource       : HikariPool-1 - Shutdown completed.
2019-04-15 14:33:39.706  INFO 41652 --- [main] com.zhfile.ZhFileApplication             : Starting ZhFileApplication on DESKTOP-GG0VACC with PID 41652 (started by 60543 in E:\1-资料\6-研究\zh-file)
2019-04-15 14:33:39.715  INFO 41652 --- [main] com.zhfile.ZhFileApplication             : The following profiles are active: dev
2019-04-15 14:33:40.020  INFO 41652 --- [main] ConfigServletWebServerApplicationContext : Refreshing org.springframework.boot.web.servlet.context.AnnotationConfigServletWebServerApplicationContext@16c63f5: startup date [Mon Apr 15 14:33:40 CST 2019]; root of context hierarchy
2019-04-15 14:33:45.595  INFO 41652 --- [main] trationDelegate$BeanPostProcessorChecker : Bean 'org.springframework.transaction.annotation.ProxyTransactionManagementConfiguration' of type [org.springframework.transaction.annotation.ProxyTransactionManagementConfiguration$$EnhancerBySpringCGLIB$$ed68492a] is not eligible for getting processed by all BeanPostProcessors (for example: not eligible for auto-proxying)
2019-04-15 14:33:47.165  INFO 41652 --- [main] o.s.b.w.embedded.tomcat.TomcatWebServer  : Tomcat initialized with port(s): 4200 (http)
2019-04-15 14:33:47.214  INFO 41652 --- [main] o.apache.catalina.core.StandardService   : Starting service [Tomcat]
2019-04-15 14:33:47.215  INFO 41652 --- [main] org.apache.catalina.core.StandardEngine  : Starting Servlet Engine: Apache Tomcat/8.5.31
2019-04-15 14:33:47.229  INFO 41652 --- [localhost-startStop-1] o.a.catalina.core.AprLifecycleListener   : The APR based Apache Tomcat Native library which allows optimal performance in production environments was not found on the java.library.path: [D:\2-program\1-java\jdk8\bin;C:\WINDOWS\Sun\Java\bin;C:\WINDOWS\system32;C:\WINDOWS;C:\Program Files\Docker\Docker\Resources\bin;C:\Program Files (x86)\Intel\iCLS Client\;C:\Program Files\Intel\iCLS Client\;C:\Windows\system32;C:\Windows;C:\Windows\System32\Wbem;C:\Windows\System32\WindowsPowerShell\v1.0\;C:\Program Files (x86)\Intel\Intel(R) Management Engine Components\DAL;C:\Program Files\Intel\Intel(R) Management Engine Components\DAL;C:\Program Files (x86)\Intel\Intel(R) Management Engine Components\IPT;C:\Program Files\Intel\Intel(R) Management Engine Components\IPT;C:\Program Files (x86)\NVIDIA Corporation\PhysX\Common;D:\2-program\1-java\jdk8\bin;C:\Program Files\MySQL\bin;C:\Program Files\MySQL\MySQL Utilities 1.6\;D:\2-program\7-maven\apache-maven-3.5.3\bin;C:\Program Files\TortoiseSVN\bin;C:\WINDOWS\system32;C:\WINDOWS;C:\WINDOWS\System32\Wbem;C:\WINDOWS\System32\WindowsPowerShell\v1.0\;D:\1-common\10-vpn\openvpn\bin;D:\8-mongodb\bin;D:\10-SpringBootCLI\spring-boot-cli-2.0.1.RELEASE-bin\spring-2.0.1.RELEASE\bin;C:\Program Files\nodejs\;D:\2-program\19-anaconda\python.exe;D:\2-program\19-anaconda;C:\WINDOWS\System32\OpenSSH\;D:\2-program\22-gradle\gradle-4.8.1\bin;D:\2-program\23-jboss\wildfly-13.0.0.Final\bin;D:\2-program\1-java\jdk8\jre\bin;D:\2-program\25-redis;C:\Program Files\Docker\Docker\resources\bin;C:\Program Files\Git\cmd;C:\Users\60543\AppData\Roaming\npm;C:\Go\bin;C:\Ruby25-x64\bin;D:\2-program\26-cluster\Ruby25-x64\bin;C:\Users\60543\AppData\Local\Microsoft\WindowsApps;C:\Users\60543\AppData\Roaming\npm;C:\Program Files\Microsoft VS Code\bin;C:\Users\60543\AppData\Local\atom\bin;D:\2-program\34-VScode\bin;C:\Users\60543\go\bin;.]
2019-04-15 14:33:47.636  INFO 41652 --- [localhost-startStop-1] o.a.c.c.C.[Tomcat].[localhost].[/]       : Initializing Spring embedded WebApplicationContext
2019-04-15 14:33:47.637  INFO 41652 --- [localhost-startStop-1] o.s.web.context.ContextLoader            : Root WebApplicationContext: initialization completed in 7617 ms
2019-04-15 14:33:48.088  INFO 41652 --- [localhost-startStop-1] o.s.b.w.servlet.ServletRegistrationBean  : Servlet dispatcherServlet mapped to [/]
2019-04-15 14:33:48.102  INFO 41652 --- [localhost-startStop-1] o.s.b.w.servlet.FilterRegistrationBean   : Mapping filter: 'characterEncodingFilter' to: [/*]
2019-04-15 14:33:48.103  INFO 41652 --- [localhost-startStop-1] o.s.b.w.servlet.FilterRegistrationBean   : Mapping filter: 'hiddenHttpMethodFilter' to: [/*]
2019-04-15 14:33:48.104  INFO 41652 --- [localhost-startStop-1] o.s.b.w.servlet.FilterRegistrationBean   : Mapping filter: 'httpPutFormContentFilter' to: [/*]
2019-04-15 14:33:48.106  INFO 41652 --- [localhost-startStop-1] o.s.b.w.servlet.FilterRegistrationBean   : Mapping filter: 'requestContextFilter' to: [/*]
2019-04-15 14:33:48.451  INFO 41652 --- [main] com.zaxxer.hikari.HikariDataSource       : HikariPool-1 - Starting...
2019-04-15 14:33:49.076  INFO 41652 --- [main] com.zaxxer.hikari.HikariDataSource       : HikariPool-1 - Start completed.
2019-04-15 14:33:49.417  INFO 41652 --- [main] j.LocalContainerEntityManagerFactoryBean : Building JPA container EntityManagerFactory for persistence unit 'default'
2019-04-15 14:33:49.446  INFO 41652 --- [main] o.hibernate.jpa.internal.util.LogHelper  : HHH000204: Processing PersistenceUnitInfo [
	name: default
	...]
2019-04-15 14:33:49.661  INFO 41652 --- [main] org.hibernate.Version                    : HHH000412: Hibernate Core {5.2.17.Final}
2019-04-15 14:33:49.664  INFO 41652 --- [main] org.hibernate.cfg.Environment            : HHH000206: hibernate.properties not found
2019-04-15 14:33:49.839  INFO 41652 --- [main] o.hibernate.annotations.common.Version   : HCANN000001: Hibernate Commons Annotations {5.0.1.Final}
2019-04-15 14:33:50.481  INFO 41652 --- [main] org.hibernate.dialect.Dialect            : HHH000400: Using dialect: org.hibernate.dialect.PostgreSQLDialect
2019-04-15 14:33:50.930  INFO 41652 --- [main] o.h.e.j.e.i.LobCreatorBuilderImpl        : HHH000421: Disabling contextual LOB creation as hibernate.jdbc.lob.non_contextual_creation is true
2019-04-15 14:33:50.935  INFO 41652 --- [main] org.hibernate.type.BasicTypeRegistry     : HHH000270: Type registration [java.util.UUID] overrides previous : org.hibernate.type.UUIDBinaryType@615b5480
2019-04-15 14:33:53.824  INFO 41652 --- [main] j.LocalContainerEntityManagerFactoryBean : Initialized JPA EntityManagerFactory for persistence unit 'default'
2019-04-15 14:33:56.137  WARN 41652 --- [main] aWebConfiguration$JpaWebMvcConfiguration : spring.jpa.open-in-view is enabled by default. Therefore, database queries may be performed during view rendering. Explicitly configure spring.jpa.open-in-view to disable this warning
2019-04-15 14:33:56.257  INFO 41652 --- [main] s.w.s.m.m.a.RequestMappingHandlerMapping : Mapped "{[/],methods=[GET]}" onto public java.lang.String com.zhfile.controller.IndexController.index()
2019-04-15 14:33:56.266  INFO 41652 --- [main] s.w.s.m.m.a.RequestMappingHandlerMapping : Mapped "{[/file],methods=[GET]}" onto public org.springframework.http.ResponseEntity<org.springframework.core.io.Resource> com.zhfile.controller.RestUploadController.findFileUrl(java.lang.String)
2019-04-15 14:33:56.268  INFO 41652 --- [main] s.w.s.m.m.a.RequestMappingHandlerMapping : Mapped "{[/deleteFile],methods=[GET]}" onto public com.zhfile.dto.Response com.zhfile.controller.RestUploadController.deleteFile(java.lang.String)
2019-04-15 14:33:56.269  INFO 41652 --- [main] s.w.s.m.m.a.RequestMappingHandlerMapping : Mapped "{[/multiUpload],methods=[POST]}" onto public com.zhfile.dto.Response com.zhfile.controller.RestUploadController.uploadFileMulti(java.lang.String,org.springframework.web.multipart.MultipartFile[],java.lang.String)
2019-04-15 14:33:56.274  INFO 41652 --- [main] s.w.s.m.m.a.RequestMappingHandlerMapping : Mapped "{[/swagger-resources/configuration/security]}" onto public org.springframework.http.ResponseEntity<springfox.documentation.swagger.web.SecurityConfiguration> springfox.documentation.swagger.web.ApiResourceController.securityConfiguration()
2019-04-15 14:33:56.276  INFO 41652 --- [main] s.w.s.m.m.a.RequestMappingHandlerMapping : Mapped "{[/swagger-resources]}" onto public org.springframework.http.ResponseEntity<java.util.List<springfox.documentation.swagger.web.SwaggerResource>> springfox.documentation.swagger.web.ApiResourceController.swaggerResources()
2019-04-15 14:33:56.278  INFO 41652 --- [main] s.w.s.m.m.a.RequestMappingHandlerMapping : Mapped "{[/swagger-resources/configuration/ui]}" onto public org.springframework.http.ResponseEntity<springfox.documentation.swagger.web.UiConfiguration> springfox.documentation.swagger.web.ApiResourceController.uiConfiguration()
2019-04-15 14:33:56.282  INFO 41652 --- [main] s.w.s.m.m.a.RequestMappingHandlerMapping : Mapped "{[/error]}" onto public org.springframework.http.ResponseEntity<java.util.Map<java.lang.String, java.lang.Object>> org.springframework.boot.autoconfigure.web.servlet.error.BasicErrorController.error(javax.servlet.http.HttpServletRequest)
2019-04-15 14:33:56.283  INFO 41652 --- [main] s.w.s.m.m.a.RequestMappingHandlerMapping : Mapped "{[/error],produces=[text/html]}" onto public org.springframework.web.servlet.ModelAndView org.springframework.boot.autoconfigure.web.servlet.error.BasicErrorController.errorHtml(javax.servlet.http.HttpServletRequest,javax.servlet.http.HttpServletResponse)
2019-04-15 14:33:56.591  INFO 41652 --- [main] pertySourcedRequestMappingHandlerMapping : Mapped URL path [/v2/api-docs] onto method [public org.springframework.http.ResponseEntity<springfox.documentation.spring.web.json.Json> springfox.documentation.swagger2.web.Swagger2Controller.getDocumentation(java.lang.String,javax.servlet.http.HttpServletRequest)]
2019-04-15 14:33:56.777  INFO 41652 --- [main] o.s.w.s.handler.SimpleUrlHandlerMapping  : Mapped URL path [/**/favicon.ico] onto handler of type [class org.springframework.web.servlet.resource.ResourceHttpRequestHandler]
2019-04-15 14:33:57.130  INFO 41652 --- [main] s.w.s.m.m.a.RequestMappingHandlerAdapter : Looking for @ControllerAdvice: org.springframework.boot.web.servlet.context.AnnotationConfigServletWebServerApplicationContext@16c63f5: startup date [Mon Apr 15 14:33:40 CST 2019]; root of context hierarchy
2019-04-15 14:33:57.223  INFO 41652 --- [main] o.s.w.s.handler.SimpleUrlHandlerMapping  : Mapped URL path [/webjars/**] onto handler of type [class org.springframework.web.servlet.resource.ResourceHttpRequestHandler]
2019-04-15 14:33:57.224  INFO 41652 --- [main] o.s.w.s.handler.SimpleUrlHandlerMapping  : Mapped URL path [/**] onto handler of type [class org.springframework.web.servlet.resource.ResourceHttpRequestHandler]
2019-04-15 14:33:57.253  INFO 41652 --- [main] .m.m.a.ExceptionHandlerExceptionResolver : Detected @ExceptionHandler methods in restGlobalExceptionHandler
2019-04-15 14:33:57.932  INFO 41652 --- [main] o.s.j.e.a.AnnotationMBeanExporter        : Registering beans for JMX exposure on startup
2019-04-15 14:33:57.935  INFO 41652 --- [main] o.s.j.e.a.AnnotationMBeanExporter        : Bean with name 'dataSource' has been autodetected for JMX exposure
2019-04-15 14:33:57.946  INFO 41652 --- [main] o.s.j.e.a.AnnotationMBeanExporter        : Located MBean 'dataSource': registering with JMX server as MBean [com.zaxxer.hikari:name=dataSource,type=HikariDataSource]
2019-04-15 14:33:57.952  INFO 41652 --- [main] o.s.c.support.DefaultLifecycleProcessor  : Starting beans in phase 2147483647
2019-04-15 14:33:57.952  INFO 41652 --- [main] d.s.w.p.DocumentationPluginsBootstrapper : Context refreshed
2019-04-15 14:33:57.979  INFO 41652 --- [main] d.s.w.p.DocumentationPluginsBootstrapper : Found 1 custom documentation plugin(s)
2019-04-15 14:33:58.035  INFO 41652 --- [main] s.d.s.w.s.ApiListingReferenceScanner     : Scanning for api listing references
2019-04-15 14:33:58.459  INFO 41652 --- [main] o.s.b.w.embedded.tomcat.TomcatWebServer  : Tomcat started on port(s): 4200 (http) with context path ''
2019-04-15 14:33:58.464  INFO 41652 --- [main] com.zhfile.ZhFileApplication             : Started ZhFileApplication in 21.24 seconds (JVM running for 26.126)
2019-04-15 14:35:59.778  INFO 41652 --- [http-nio-4200-exec-1] o.a.c.c.C.[Tomcat].[localhost].[/]       : Initializing Spring FrameworkServlet 'dispatcherServlet'
2019-04-15 14:35:59.779  INFO 41652 --- [http-nio-4200-exec-1] o.s.web.servlet.DispatcherServlet        : FrameworkServlet 'dispatcherServlet': initialization started
2019-04-15 14:35:59.926  INFO 41652 --- [http-nio-4200-exec-1] o.s.web.servlet.DispatcherServlet        : FrameworkServlet 'dispatcherServlet': initialization completed in 147 ms
